2022-05-16 13:13:11 ||| ---> Deploying strategies for the pancakeswap workers... <---
2022-05-16 13:13:39 ||| - PancakeswapStrategyAddToPoolWithBaseToken deployed at 0xD8b9FFE8fFBd871A90757D0C6E4564eBEB3a02fB
2022-05-16 13:13:58 ||| - PancakeswapStrategyAddToPoolWithoutBaseToken deployed at 0x8CA6FbB30E1BD8BB772B32FD5835dD3717b2C92A
2022-05-16 13:14:13 ||| - LiquidateStrategy deployed at 0xf096fF1cEbeA3645B7E9bd37De1Cd801273Fb02F
2022-05-16 13:16:30 ||| ---> Deploying pancakeswap workers... <---
2022-05-16 13:16:30 ||| -> Deploying workers for BUSD Vault
2022-05-16 13:16:30 |||   - Deploying CAKE-WBNB Farm...
2022-05-16 13:16:59 |||   - CAKE-WBNB Farm deployed at 0xD91158870f8dBD33eeEd81090bBB97EC720C3182
2022-05-16 13:16:59 |||   - Deploying USDT-BUSD Farm...
2022-05-16 13:17:21 |||   - USDT-BUSD Farm deployed at 0x55B195582894EcE9441E1385E7d9eCDf62Ee1871
2022-05-16 13:17:21 |||   - Deploying WBNB-BUSD Farm...
2022-05-16 13:17:35 |||   - WBNB-BUSD Farm deployed at 0x050fD8721d9FB5fa4f939D9Fe4166d55995B5da1
2022-05-16 13:17:35 |||   - Deploying DAI-BUSD Farm...
2022-05-16 13:17:58 |||   - DAI-BUSD Farm deployed at 0x3F41081E53141349a5473e3A5C3B5Ed5aAEc7186
2022-05-16 13:17:58 |||   - Deploying USDT-WBNB Farm...
2022-05-16 13:29:42 ||| ---> Deploying pancakeswap workers... <---
2022-05-16 13:29:42 ||| -> Deploying workers for BUSD Vault
2022-05-16 13:29:42 |||   - Deploying CAKE-BUSD Farm...
2022-05-16 13:30:02 |||   - CAKE-BUSD Farm deployed at 0x2e5Fa53DA9De6feC9a68dfc2272dac45bc56a241
2022-05-16 13:30:02 |||   - Deploying CAKE-USDT Farm...
2022-05-16 13:30:24 |||   - CAKE-USDT Farm deployed at 0xe20fc0cdc22254f6abce7c6DeC964527CAFd5378
2022-05-16 13:30:24 |||   - Deploying SANTOS-BNB Farm...
2022-05-16 13:30:42 |||   - SANTOS-BNB Farm deployed at 0x2EA8b891EFF54E8A284fDe70030Db2A1E079F19F
2022-05-16 13:30:42 |||   - Deploying BTCB-BUSD Farm...
2022-05-16 13:31:00 |||   - BTCB-BUSD Farm deployed at 0x0218923A7925749F9f8861CDb1381d6130bB33c4
2022-05-16 13:31:00 |||   - Deploying UST-BUSD Farm...
2022-05-16 13:31:27 |||   - UST-BUSD Farm deployed at 0x43f984c2202a2BFfCEa3619C84D6b8F39BDa22DB
