2022-02-08 17:39:49 ||| --> Setting manual implementation for pancakeswap workers... <--
2022-02-08 17:39:49 |||   -> Setting manual implementation address for CAKE-WBNB Farm...
2022-02-08 17:39:54 |||   New implementation of CAKE-WBNB Farm has been change manually from 0xf281481977129002Aa0348F64fa649077cF5D983 to 0xf281481977129002Aa0348F64fa649077cF5D983
2022-02-08 17:39:54 |||   Success?: true
2022-02-08 17:40:37 |||   -> Setting manual implementation address for WBNB-BUSD Farm...
2022-02-08 17:40:49 |||   New implementation of WBNB-BUSD Farm has been change manually from 0x22B5d2838544E981055abE872bF4e1d7f47195a3 to 0xf281481977129002Aa0348F64fa649077cF5D983
2022-02-08 17:40:49 |||   Success?: true
2022-02-08 17:40:49 |||   -> Setting manual implementation address for DAI-BUSD Farm...
2022-02-08 17:40:54 |||   New implementation of DAI-BUSD Farm has been change manually from 0xf281481977129002Aa0348F64fa649077cF5D983 to 0xf281481977129002Aa0348F64fa649077cF5D983
2022-02-08 17:40:55 |||   Success?: true
2022-02-08 17:44:11 ||| --> Upgrading implementation of pancakeswap workers after manual reimplementation... <--
2022-02-08 17:44:11 |||   -> Workers for BUSD Vault
2022-02-08 17:44:11 |||   -> Upgrading CAKE-WBNB Farm...
2022-02-08 17:44:34 |||   New implementation of CAKE-WBNB Farm deployed at 0xBE8dc5171689bE13aB9AC05cbA77aE7e0Be96d1c
2022-02-08 17:44:34 |||   -> Upgrading WBNB-BUSD Farm...
2022-02-08 17:44:47 |||   New implementation of WBNB-BUSD Farm deployed at 0xc5ABD411d063B4F14380ea32a740615d9CA74B6B
2022-02-08 17:44:47 |||   -> Upgrading DAI-BUSD Farm...
2022-02-08 17:44:59 |||   New implementation of DAI-BUSD Farm deployed at 0x838630108CCCC79186CD57FF5aFC6F902d32d21A
2022-02-08 17:44:59 |||   -> Upgrading CAKE-BUSD Farm...
2022-02-08 17:45:15 |||   New implementation of CAKE-BUSD Farm deployed at 0x4A81Fe4bAA5a8839cB6da02e98Ec32Be6D4D8A1e
2022-02-08 17:45:15 |||   -> Upgrading CAKE-USDT Farm...
2022-02-08 17:45:29 |||   New implementation of CAKE-USDT Farm deployed at 0xd47C209B010054883A2d1B9e124b76e233E35E32
2022-02-08 17:45:29 |||   -> Upgrading BBT-BNB Farm...
2022-02-08 17:45:43 |||   New implementation of BBT-BNB Farm deployed at 0x90f9f27E67CD94e08fEEd763753562B2D521A089
2022-02-08 17:45:43 |||   -> Upgrading ETERNAL-BNB Farm...
2022-02-08 17:45:57 |||   New implementation of ETERNAL-BNB Farm deployed at 0xA646e46dC2eeB0248e61E14C57ee32E112dd7c72
2022-02-08 17:45:57 |||   -> Upgrading SANTOS-BNB Farm...
2022-02-08 17:46:12 |||   New implementation of SANTOS-BNB Farm deployed at 0xBEF1cC5318a8504Ce7CD382E8010E38FA1861738
2022-02-08 17:46:12 |||   -> Upgrading BTCB-BUSD Farm...
2022-02-08 17:46:28 |||   New implementation of BTCB-BUSD Farm deployed at 0x184f5c9eC49E3e53743CfA47F9d884767a8FdF69
2022-02-08 17:46:28 |||   -> Upgrading UST-BUSD Farm...
2022-02-08 17:46:40 |||   New implementation of UST-BUSD Farm deployed at 0x67fAE3cB68947e02B2A0Fd06DE45aF34B468c86f
